==============================================================================
Suites                                                                        
==============================================================================
Suites.TC02 loginTest                                                         
==============================================================================
LoginTest                                                               
  Traceback (most recent call last):
    ~~~~~~~~~~~~~~~~~~~~~~~~~~~~~~~~~~~~~~~~~~~~~~~~~~~~~~~~~~~~~~~~~~~~~~~~~~
    File  C:\Users\irfandy4hmad\PycharmProjects\robotFrameworkPython\TestCases\TC02_loginTest.robot:12
    T:  LoginTest    
    ~~~~~~~~~~~~~~~~~~~~~~~~~~~~~~~~~~~~~~~~~~~~~~~~~~~~~~~~~~~~~~~~~~~~~~~~~~
    File  C:\Users\irfandy4hmad\PycharmProjects\robotFrameworkPython\TestCases\TC02_loginTest.robot:14
      Enter Username    ${user}
      |  ${user} = <Unable to define variable value>
______________________________________________________________________________
| FAIL |
Variable '${user}' not found.
------------------------------------------------------------------------------
Suites.TC02 loginTest                                                 | FAIL |
1 test, 0 passed, 1 failed
==============================================================================
Suites                                                                | FAIL |
1 test, 0 passed, 1 failed
==============================================================================
Output:  C:\Users\irfandy4hmad\PycharmProjects\robotFrameworkPython\Results\pabot_results\1\output.xml
